This is pdfTeX, Version 3.14159265-2.6-1.40.16 (TeX Live 2015) (preloaded format=pdflatex 2015.5.24)  12 AUG 2015 16:03
entering extended mode
 \write18 enabled.
 file:line:error style messages enabled.
 %&-line parsing enabled.
**diss.tex
(./diss.tex
LaTeX2e <2015/01/01>
Babel <3.9l> and hyphenation patterns for 79 languages loaded.
(./ubcdiss.cls
Document Class: ubcdiss 2008/04/06
(/usr/local/texlive/2015/texmf-dist/tex/latex/tools/calc.sty
Package: calc 2014/10/28 v4.3 Infix arithmetic (KKT,FJ)
\calc@Acount=\count79
\calc@Bcount=\count80
\calc@Adimen=\dimen102
\calc@Bdimen=\dimen103
\calc@Askip=\skip41
\calc@Bskip=\skip42
LaTeX Info: Redefining \setlength on input line 80.
LaTeX Info: Redefining \addtolength on input line 81.
\calc@Ccount=\count81
\calc@Cskip=\skip43
)
(/usr/local/texlive/2015/texmf-dist/tex/latex/base/ifthen.sty
Package: ifthen 2014/09/29 v1.1c Standard LaTeX ifthen package (DPC)
)
Using one-and-a-half spacing
(/usr/local/texlive/2015/texmf-dist/tex/latex/base/book.cls
Document Class: book 2014/09/29 v1.4h Standard LaTeX document class
(/usr/local/texlive/2015/texmf-dist/tex/latex/base/bk11.clo
File: bk11.clo 2014/09/29 v1.4h Standard LaTeX file (size option)
)
\c@part=\count82
\c@chapter=\count83
\c@section=\count84
\c@subsection=\count85
\c@subsubsection=\count86
\c@paragraph=\count87
\c@subparagraph=\count88
\c@figure=\count89
\c@table=\count90
\abovecaptionskip=\skip44
\belowcaptionskip=\skip45
\bibindent=\dimen104
)
(/usr/local/texlive/2015/texmf-dist/tex/latex/setspace/setspace.sty
Package: setspace 2011/12/19 v6.7a set line spacing
)
(/usr/local/texlive/2015/texmf-dist/tex/latex/textcase/textcase.sty
Package: textcase 2004/10/07 v0.07 Text only upper/lower case changing (DPC)
)
(/usr/local/texlive/2015/texmf-dist/tex/latex/tocbibind/tocbibind.sty
Package: tocbibind 2010/10/13 v1.5k extra ToC listings
Package tocbibind Info: The document has chapter divisions on input line 50.


Package tocbibind Note: Using chapter style headings, unless overridden.

) (/usr/local/texlive/2015/texmf-dist/tex/latex/tocloft/tocloft.sty
Package: tocloft 2013/05/02 v2.3f parameterised ToC, etc., typesetting
Package tocloft Info: The document has chapter divisions on input line 44.
\cftparskip=\skip46
\cftbeforetoctitleskip=\skip47
\cftaftertoctitleskip=\skip48
\cftbeforepartskip=\skip49
\cftpartnumwidth=\skip50
\cftpartindent=\skip51
\cftbeforechapskip=\skip52
\cftchapindent=\skip53
\cftchapnumwidth=\skip54
\cftbeforesecskip=\skip55
\cftsecindent=\skip56
\cftsecnumwidth=\skip57
\cftbeforesubsecskip=\skip58
\cftsubsecindent=\skip59
\cftsubsecnumwidth=\skip60
\cftbeforesubsubsecskip=\skip61
\cftsubsubsecindent=\skip62
\cftsubsubsecnumwidth=\skip63
\cftbeforeparaskip=\skip64
\cftparaindent=\skip65
\cftparanumwidth=\skip66
\cftbeforesubparaskip=\skip67
\cftsubparaindent=\skip68
\cftsubparanumwidth=\skip69
\cftbeforeloftitleskip=\skip70
\cftafterloftitleskip=\skip71
\cftbeforefigskip=\skip72
\cftfigindent=\skip73
\cftfignumwidth=\skip74
\c@lofdepth=\count91
\c@lotdepth=\count92
\cftbeforelottitleskip=\skip75
\cftafterlottitleskip=\skip76
\cftbeforetabskip=\skip77
\cfttabindent=\skip78
\cfttabnumwidth=\skip79
)
\@figprefixlen=\skip80
\@tabprefixlen=\skip81
)
(/usr/local/texlive/2015/texmf-dist/tex/latex/psnfss/times.sty
Package: times 2005/04/12 PSNFSS-v9.2a (SPQR) 
)
(/usr/local/texlive/2015/texmf-dist/tex/latex/psnfss/mathptmx.sty
Package: mathptmx 2005/04/12 PSNFSS-v9.2a Times w/ Math, improved (SPQR, WaS) 
LaTeX Font Info:    Redeclaring symbol font `operators' on input line 28.
LaTeX Font Info:    Overwriting symbol font `operators' in version `normal'
(Font)                  OT1/cmr/m/n --> OT1/ztmcm/m/n on input line 28.
LaTeX Font Info:    Overwriting symbol font `operators' in version `bold'
(Font)                  OT1/cmr/bx/n --> OT1/ztmcm/m/n on input line 28.
LaTeX Font Info:    Redeclaring symbol font `letters' on input line 29.
LaTeX Font Info:    Overwriting symbol font `letters' in version `normal'
(Font)                  OML/cmm/m/it --> OML/ztmcm/m/it on input line 29.
LaTeX Font Info:    Overwriting symbol font `letters' in version `bold'
(Font)                  OML/cmm/b/it --> OML/ztmcm/m/it on input line 29.
LaTeX Font Info:    Redeclaring symbol font `symbols' on input line 30.
LaTeX Font Info:    Overwriting symbol font `symbols' in version `normal'
(Font)                  OMS/cmsy/m/n --> OMS/ztmcm/m/n on input line 30.
LaTeX Font Info:    Overwriting symbol font `symbols' in version `bold'
(Font)                  OMS/cmsy/b/n --> OMS/ztmcm/m/n on input line 30.
LaTeX Font Info:    Redeclaring symbol font `largesymbols' on input line 31.
LaTeX Font Info:    Overwriting symbol font `largesymbols' in version `normal'
(Font)                  OMX/cmex/m/n --> OMX/ztmcm/m/n on input line 31.
LaTeX Font Info:    Overwriting symbol font `largesymbols' in version `bold'
(Font)                  OMX/cmex/m/n --> OMX/ztmcm/m/n on input line 31.
\symbold=\mathgroup4
\symitalic=\mathgroup5
LaTeX Font Info:    Redeclaring math alphabet \mathbf on input line 34.
LaTeX Font Info:    Overwriting math alphabet `\mathbf' in version `normal'
(Font)                  OT1/cmr/bx/n --> OT1/ptm/bx/n on input line 34.
LaTeX Font Info:    Overwriting math alphabet `\mathbf' in version `bold'
(Font)                  OT1/cmr/bx/n --> OT1/ptm/bx/n on input line 34.
LaTeX Font Info:    Redeclaring math alphabet \mathit on input line 35.
LaTeX Font Info:    Overwriting math alphabet `\mathit' in version `normal'
(Font)                  OT1/cmr/m/it --> OT1/ptm/m/it on input line 35.
LaTeX Font Info:    Overwriting math alphabet `\mathit' in version `bold'
(Font)                  OT1/cmr/bx/it --> OT1/ptm/m/it on input line 35.
LaTeX Info: Redefining \hbar on input line 50.
)
(/usr/local/texlive/2015/texmf-dist/tex/latex/psnfss/pifont.sty
Package: pifont 2005/04/12 PSNFSS-v9.2a Pi font support (SPQR) 
LaTeX Font Info:    Try loading font information for U+pzd on input line 63.

(/usr/local/texlive/2015/texmf-dist/tex/latex/psnfss/upzd.fd
File: upzd.fd 2001/06/04 font definitions for U/pzd.
)
LaTeX Font Info:    Try loading font information for U+psy on input line 64.

(/usr/local/texlive/2015/texmf-dist/tex/latex/psnfss/upsy.fd
File: upsy.fd 2001/06/04 font definitions for U/psy.
))
(/usr/local/texlive/2015/texmf-dist/tex/latex/bezos/checkend.sty
Package: checkend 2002/04/20 v1.0 Environment checking
)
(/usr/local/texlive/2015/texmf-dist/tex/latex/graphics/graphicx.sty
Package: graphicx 2014/10/28 v1.0g Enhanced LaTeX Graphics (DPC,SPQR)

(/usr/local/texlive/2015/texmf-dist/tex/latex/graphics/keyval.sty
Package: keyval 2014/10/28 v1.15 key=value parser (DPC)
\KV@toks@=\toks14
)
(/usr/local/texlive/2015/texmf-dist/tex/latex/graphics/graphics.sty
Package: graphics 2014/10/28 v1.0p Standard LaTeX Graphics (DPC,SPQR)

(/usr/local/texlive/2015/texmf-dist/tex/latex/graphics/trig.sty
Package: trig 1999/03/16 v1.09 sin cos tan (DPC)
)
(/usr/local/texlive/2015/texmf-dist/tex/latex/latexconfig/graphics.cfg
File: graphics.cfg 2010/04/23 v1.9 graphics configuration of TeX Live
)
Package graphics Info: Driver file: pdftex.def on input line 94.

(/usr/local/texlive/2015/texmf-dist/tex/latex/pdftex-def/pdftex.def
File: pdftex.def 2011/05/27 v0.06d Graphics/color for pdfTeX

(/usr/local/texlive/2015/texmf-dist/tex/generic/oberdiek/infwarerr.sty
Package: infwarerr 2010/04/08 v1.3 Providing info/warning/error messages (HO)
)
(/usr/local/texlive/2015/texmf-dist/tex/generic/oberdiek/ltxcmds.sty
Package: ltxcmds 2011/11/09 v1.22 LaTeX kernel commands for general use (HO)
)
\Gread@gobject=\count93
))
\Gin@req@height=\dimen105
\Gin@req@width=\dimen106
)
(/usr/local/texlive/2015/texmf-dist/tex/latex/booktabs/booktabs.sty
Package: booktabs 2005/04/14 v1.61803 publication quality tables
\heavyrulewidth=\dimen107
\lightrulewidth=\dimen108
\cmidrulewidth=\dimen109
\belowrulesep=\dimen110
\belowbottomsep=\dimen111
\aboverulesep=\dimen112
\abovetopsep=\dimen113
\cmidrulesep=\dimen114
\cmidrulekern=\dimen115
\defaultaddspace=\dimen116
\@cmidla=\count94
\@cmidlb=\count95
\@aboverulesep=\dimen117
\@belowrulesep=\dimen118
\@thisruleclass=\count96
\@lastruleclass=\count97
\@thisrulewidth=\dimen119
)
(/usr/local/texlive/2015/texmf-dist/tex/latex/listings/listings.sty
\lst@mode=\count98
\lst@gtempboxa=\box26
\lst@token=\toks15
\lst@length=\count99
\lst@currlwidth=\dimen120
\lst@column=\count100
\lst@pos=\count101
\lst@lostspace=\dimen121
\lst@width=\dimen122
\lst@newlines=\count102
\lst@lineno=\count103
\lst@maxwidth=\dimen123

(/usr/local/texlive/2015/texmf-dist/tex/latex/listings/lstmisc.sty
File: lstmisc.sty 2014/09/06 1.5e (Carsten Heinz)
\c@lstnumber=\count104
\lst@skipnumbers=\count105
\lst@framebox=\box27
)
(/usr/local/texlive/2015/texmf-dist/tex/latex/listings/listings.cfg
File: listings.cfg 2014/09/06 1.5e listings configuration
))
Package: listings 2014/09/06 1.5e (Carsten Heinz)

(/usr/local/texlive/2015/texmf-dist/tex/latex/acronym/acronym.sty
Package: acronym 2015/03/21 v1.41 Support for acronyms (Tobias Oetiker)

(/usr/local/texlive/2015/texmf-dist/tex/latex/bigfoot/suffix.sty
Package: suffix 2006/07/15 1.5a Variant command support
)
(/usr/local/texlive/2015/texmf-dist/tex/generic/xstring/xstring.sty
(/usr/local/texlive/2015/texmf-dist/tex/generic/xstring/xstring.tex
\@xs@message=\write3
\integerpart=\count106
\decimalpart=\count107
)
Package: xstring 2013/10/13  v1.7c  String manipulations (C Tellechea)
)
\AC@clearlist=\toks16
)
(/usr/local/texlive/2015/texmf-dist/tex/latex/graphics/color.sty
Package: color 2014/10/28 v1.1a Standard LaTeX Color (DPC)

(/usr/local/texlive/2015/texmf-dist/tex/latex/latexconfig/color.cfg
File: color.cfg 2007/01/18 v1.5 color configuration of teTeX/TeXLive
)
Package color Info: Driver file: pdftex.def on input line 142.
)
(/usr/local/texlive/2015/texmf-dist/tex/latex/comment/comment.sty
\CommentStream=\write4

Excluding comment 'comment')
(/usr/local/texlive/2015/texmf-dist/tex/latex/natbib/natbib.sty
Package: natbib 2010/09/13 8.31b (PWD, AO)
\bibhang=\skip82
\bibsep=\skip83
LaTeX Info: Redefining \cite on input line 694.
\c@NAT@ctr=\count108
)
(/usr/local/texlive/2015/texmf-dist/tex/latex/titlesec/titlesec.sty
Package: titlesec 2011/12/15 v2.10.0 Sectioning titles
\ttl@box=\box28
\beforetitleunit=\skip84
\aftertitleunit=\skip85
\ttl@plus=\dimen124
\ttl@minus=\dimen125
\ttl@toksa=\toks17
\titlewidth=\dimen126
\titlewidthlast=\dimen127
\titlewidthfirst=\dimen128
)
(/usr/local/texlive/2015/texmf-dist/tex/latex/caption/caption.sty
Package: caption 2013/05/02 v3.3-89 Customizing captions (AR)

(/usr/local/texlive/2015/texmf-dist/tex/latex/caption/caption3.sty
Package: caption3 2013/05/02 v1.6-88 caption3 kernel (AR)
Package caption3 Info: TeX engine: e-TeX on input line 57.
\captionmargin=\dimen129
\captionmargin@=\dimen130
\captionwidth=\dimen131
\caption@tempdima=\dimen132
\caption@indent=\dimen133
\caption@parindent=\dimen134
\caption@hangindent=\dimen135
)
\c@ContinuedFloat=\count109
Package caption Info: listings package is loaded.
)
(/usr/local/texlive/2015/texmf-dist/tex/latex/url/url.sty
\Urlmuskip=\muskip10
Package: url 2013/09/16  ver 3.4  Verb mode for urls, etc.
)
(/usr/local/texlive/2015/texmf-dist/tex/latex/hyperref/hyperref.sty
Package: hyperref 2012/11/06 v6.83m Hypertext links for LaTeX

(/usr/local/texlive/2015/texmf-dist/tex/generic/oberdiek/hobsub-hyperref.sty
Package: hobsub-hyperref 2012/05/28 v1.13 Bundle oberdiek, subset hyperref (HO)


(/usr/local/texlive/2015/texmf-dist/tex/generic/oberdiek/hobsub-generic.sty
Package: hobsub-generic 2012/05/28 v1.13 Bundle oberdiek, subset generic (HO)
Package: hobsub 2012/05/28 v1.13 Construct package bundles (HO)
Package hobsub Info: Skipping package `infwarerr' (already loaded).
Package hobsub Info: Skipping package `ltxcmds' (already loaded).
Package: ifluatex 2010/03/01 v1.3 Provides the ifluatex switch (HO)
Package ifluatex Info: LuaTeX not detected.
Package: ifvtex 2010/03/01 v1.5 Detect VTeX and its facilities (HO)
Package ifvtex Info: VTeX not detected.
Package: intcalc 2007/09/27 v1.1 Expandable calculations with integers (HO)
Package: ifpdf 2011/01/30 v2.3 Provides the ifpdf switch (HO)
Package ifpdf Info: pdfTeX in PDF mode is detected.
Package: etexcmds 2011/02/16 v1.5 Avoid name clashes with e-TeX commands (HO)
Package etexcmds Info: Could not find \expanded.
(etexcmds)             That can mean that you are not using pdfTeX 1.50 or
(etexcmds)             that some package has redefined \expanded.
(etexcmds)             In the latter case, load this package earlier.
Package: kvsetkeys 2012/04/25 v1.16 Key value parser (HO)
Package: kvdefinekeys 2011/04/07 v1.3 Define keys (HO)
Package: pdftexcmds 2011/11/29 v0.20 Utility functions of pdfTeX for LuaTeX (HO
)
Package pdftexcmds Info: LuaTeX not detected.
Package pdftexcmds Info: \pdf@primitive is available.
Package pdftexcmds Info: \pdf@ifprimitive is available.
Package pdftexcmds Info: \pdfdraftmode found.
Package: pdfescape 2011/11/25 v1.13 Implements pdfTeX's escape features (HO)
Package: bigintcalc 2012/04/08 v1.3 Expandable calculations on big integers (HO
)
Package: bitset 2011/01/30 v1.1 Handle bit-vector datatype (HO)
Package: uniquecounter 2011/01/30 v1.2 Provide unlimited unique counter (HO)
)
Package hobsub Info: Skipping package `hobsub' (already loaded).
Package: letltxmacro 2010/09/02 v1.4 Let assignment for LaTeX macros (HO)
Package: hopatch 2012/05/28 v1.2 Wrapper for package hooks (HO)
Package: xcolor-patch 2011/01/30 xcolor patch
Package: atveryend 2011/06/30 v1.8 Hooks at the very end of document (HO)
Package atveryend Info: \enddocument detected (standard20110627).
Package: atbegshi 2011/10/05 v1.16 At begin shipout hook (HO)
Package: refcount 2011/10/16 v3.4 Data extraction from label references (HO)
Package: hycolor 2011/01/30 v1.7 Color options for hyperref/bookmark (HO)
)
(/usr/local/texlive/2015/texmf-dist/tex/generic/ifxetex/ifxetex.sty
Package: ifxetex 2010/09/12 v0.6 Provides ifxetex conditional
)
(/usr/local/texlive/2015/texmf-dist/tex/latex/oberdiek/auxhook.sty
Package: auxhook 2011/03/04 v1.3 Hooks for auxiliary files (HO)
)
(/usr/local/texlive/2015/texmf-dist/tex/latex/oberdiek/kvoptions.sty
Package: kvoptions 2011/06/30 v3.11 Key value format for package options (HO)
)
\@linkdim=\dimen136
\Hy@linkcounter=\count110
\Hy@pagecounter=\count111

(/usr/local/texlive/2015/texmf-dist/tex/latex/hyperref/pd1enc.def
File: pd1enc.def 2012/11/06 v6.83m Hyperref: PDFDocEncoding definition (HO)
)
\Hy@SavedSpaceFactor=\count112

(/usr/local/texlive/2015/texmf-dist/tex/latex/latexconfig/hyperref.cfg
File: hyperref.cfg 2002/06/06 v1.2 hyperref configuration of TeXLive
)
Package hyperref Info: Option `bookmarks' set `true' on input line 4319.
Package hyperref Info: Option `bookmarksnumbered' set `true' on input line 4319
.


Package hyperref Warning: Option `pagebordercolor' is not available anymore.

Package hyperref Info: Option `linktocpage' set `true' on input line 4319.
Package hyperref Info: Hyper figures OFF on input line 4443.
Package hyperref Info: Link nesting OFF on input line 4448.
Package hyperref Info: Hyper index ON on input line 4451.
Package hyperref Info: Plain pages OFF on input line 4458.
Package hyperref Info: Backreferencing ON on input line 4461.
Package hyperref Info: Implicit mode ON; LaTeX internals redefined.
Package hyperref Info: Bookmarks ON on input line 4688.
(/usr/local/texlive/2015/texmf-dist/tex/latex/hyperref/backref.sty
Package: backref 2012/07/25 v1.38 Bibliographical back referencing

(/usr/local/texlive/2015/texmf-dist/tex/latex/oberdiek/rerunfilecheck.sty
Package: rerunfilecheck 2011/04/15 v1.7 Rerun checks for auxiliary files (HO)
Package uniquecounter Info: New unique counter `rerunfilecheck' on input line 2
82.
))
\c@Hy@tempcnt=\count113
LaTeX Info: Redefining \url on input line 5041.
\XeTeXLinkMargin=\dimen137
\Fld@menulength=\count114
\Field@Width=\dimen138
\Fld@charsize=\dimen139
Package hyperref Info: Hyper figures OFF on input line 6295.
Package hyperref Info: Link nesting OFF on input line 6300.
Package hyperref Info: Hyper index ON on input line 6303.
Package hyperref Info: backreferencing ON on input line 6308.
Package hyperref Info: Link coloring OFF on input line 6315.
Package hyperref Info: Link coloring with OCG OFF on input line 6320.
Package hyperref Info: PDF/A mode OFF on input line 6325.
LaTeX Info: Redefining \ref on input line 6365.
LaTeX Info: Redefining \pageref on input line 6369.
\Hy@abspage=\count115
\c@Item=\count116
\c@Hfootnote=\count117
)

Package hyperref Message: Driver (autodetected): hpdftex.

(/usr/local/texlive/2015/texmf-dist/tex/latex/hyperref/hpdftex.def
File: hpdftex.def 2012/11/06 v6.83m Hyperref driver for pdfTeX
\Fld@listcount=\count118
\c@bookmark@seq@number=\count119
\Hy@SectionHShift=\skip86
)
(./macros.tex)
\@input{journal_defs.aux}
\openout2 = `journal_defs.aux'.

(./journal_defs.tex)
(/usr/local/texlive/2015/texmf-dist/tex/latex/graphics/epsfig.sty
Package: epsfig 1999/02/16 v1.7a (e)psfig emulation (SPQR)
\epsfxsize=\dimen140
\epsfysize=\dimen141
)
(/usr/local/texlive/2015/texmf-dist/tex/latex/amsmath/amsmath.sty
Package: amsmath 2013/01/14 v2.14 AMS math features
\@mathmargin=\skip87

For additional information on amsmath, use the `?' option.
(/usr/local/texlive/2015/texmf-dist/tex/latex/amsmath/amstext.sty
Package: amstext 2000/06/29 v2.01

(/usr/local/texlive/2015/texmf-dist/tex/latex/amsmath/amsgen.sty
File: amsgen.sty 1999/11/30 v2.0
\@emptytoks=\toks18
\ex@=\dimen142
))
(/usr/local/texlive/2015/texmf-dist/tex/latex/amsmath/amsbsy.sty
Package: amsbsy 1999/11/29 v1.2d
\pmbraise@=\dimen143
)
(/usr/local/texlive/2015/texmf-dist/tex/latex/amsmath/amsopn.sty
Package: amsopn 1999/12/14 v2.01 operator names
)
\inf@bad=\count120
LaTeX Info: Redefining \frac on input line 210.
\uproot@=\count121
\leftroot@=\count122
LaTeX Info: Redefining \overline on input line 306.
\classnum@=\count123
\DOTSCASE@=\count124
LaTeX Info: Redefining \ldots on input line 378.
LaTeX Info: Redefining \dots on input line 381.
LaTeX Info: Redefining \cdots on input line 466.
\Mathstrutbox@=\box29
\strutbox@=\box30
\big@size=\dimen144
LaTeX Font Info:    Redeclaring font encoding OML on input line 566.
LaTeX Font Info:    Redeclaring font encoding OMS on input line 567.
\macc@depth=\count125
\c@MaxMatrixCols=\count126
\dotsspace@=\muskip11
\c@parentequation=\count127
\dspbrk@lvl=\count128
\tag@help=\toks19
\row@=\count129
\column@=\count130
\maxfields@=\count131
\andhelp@=\toks20
\eqnshift@=\dimen145
\alignsep@=\dimen146
\tagshift@=\dimen147
\tagwidth@=\dimen148
\totwidth@=\dimen149
\lineht@=\dimen150
\@envbody=\toks21
\multlinegap=\skip88
\multlinetaggap=\skip89
\mathdisplay@stack=\toks22
LaTeX Info: Redefining \[ on input line 2665.
LaTeX Info: Redefining \] on input line 2666.
)
(/usr/local/texlive/2015/texmf-dist/tex/latex/amsfonts/amssymb.sty
Package: amssymb 2013/01/14 v3.01 AMS font symbols

(/usr/local/texlive/2015/texmf-dist/tex/latex/amsfonts/amsfonts.sty
Package: amsfonts 2013/01/14 v3.01 Basic AMSFonts support
\symAMSa=\mathgroup6
\symAMSb=\mathgroup7
LaTeX Font Info:    Overwriting math alphabet `\mathfrak' in version `bold'
(Font)                  U/euf/m/n --> U/euf/b/n on input line 106.
))
(/usr/local/texlive/2015/texmf-dist/tex/latex/tools/bm.sty
Package: bm 2014/10/28 v1.1c Bold Symbol Support (DPC/FMi)
LaTeX Info: Redefining \bm on input line 207.
)
(/usr/local/texlive/2015/texmf-dist/tex/latex/amsfonts/euscript.sty
Package: euscript 2009/06/22 v3.00 Euler Script fonts
LaTeX Font Info:    Overwriting math alphabet `\EuScript' in version `bold'
(Font)                  U/eus/m/n --> U/eus/b/n on input line 33.
)
(/usr/local/texlive/2015/texmf-dist/tex/latex/geometry/geometry.sty
Package: geometry 2010/09/12 v5.6 Page Geometry
\Gm@cnth=\count132
\Gm@cntv=\count133
\c@Gm@tempcnt=\count134
\Gm@bindingoffset=\dimen151
\Gm@wd@mp=\dimen152
\Gm@odd@mp=\dimen153
\Gm@even@mp=\dimen154
\Gm@layoutwidth=\dimen155
\Gm@layoutheight=\dimen156
\Gm@layouthoffset=\dimen157
\Gm@layoutvoffset=\dimen158
\Gm@dimlist=\toks23
)
(/usr/local/texlive/2015/texmf-dist/tex/latex/oberdiek/pdflscape.sty
Package: pdflscape 2008/08/11 v0.10 Display of landscape pages in PDF (HO)

(/usr/local/texlive/2015/texmf-dist/tex/latex/graphics/lscape.sty
Package: lscape 2000/10/22 v3.01 Landscape Pages (DPC)
)
Package pdflscape Info: Auto-detected driver: pdftex on input line 80.
) (./diss.aux (./abstract.aux) (./preface.aux) (./dedicate.aux) (./intro.aux) (
./ch2.aux)
(./ch3.aux) (./ch4.aux) (./conclusions.aux))
\openout1 = `diss.aux'.

LaTeX Font Info:    Checking defaults for OML/cmm/m/it on input line 352.
LaTeX Font Info:    ... okay on input line 352.
LaTeX Font Info:    Checking defaults for T1/cmr/m/n on input line 352.
LaTeX Font Info:    ... okay on input line 352.
LaTeX Font Info:    Checking defaults for OT1/cmr/m/n on input line 352.
LaTeX Font Info:    ... okay on input line 352.
LaTeX Font Info:    Checking defaults for OMS/cmsy/m/n on input line 352.
LaTeX Font Info:    ... okay on input line 352.
LaTeX Font Info:    Checking defaults for OMX/cmex/m/n on input line 352.
LaTeX Font Info:    ... okay on input line 352.
LaTeX Font Info:    Checking defaults for U/cmr/m/n on input line 352.
LaTeX Font Info:    ... okay on input line 352.
LaTeX Font Info:    Checking defaults for PD1/pdf/m/n on input line 352.
LaTeX Font Info:    ... okay on input line 352.
LaTeX Font Info:    Try loading font information for OT1+ptm on input line 352.


(/usr/local/texlive/2015/texmf-dist/tex/latex/psnfss/ot1ptm.fd
File: ot1ptm.fd 2001/06/04 font definitions for OT1/ptm.
)
(/usr/local/texlive/2015/texmf-dist/tex/context/base/supp-pdf.mkii
[Loading MPS to PDF converter (version 2006.09.02).]
\scratchcounter=\count135
\scratchdimen=\dimen159
\scratchbox=\box31
\nofMPsegments=\count136
\nofMParguments=\count137
\everyMPshowfont=\toks24
\MPscratchCnt=\count138
\MPscratchDim=\dimen160
\MPnumerator=\count139
\makeMPintoPDFobject=\count140
\everyMPtoPDFconversion=\toks25
) (/usr/local/texlive/2015/texmf-dist/tex/latex/oberdiek/epstopdf-base.sty
Package: epstopdf-base 2010/02/09 v2.5 Base part for package epstopdf

(/usr/local/texlive/2015/texmf-dist/tex/latex/oberdiek/grfext.sty
Package: grfext 2010/08/19 v1.1 Manage graphics extensions (HO)
)
Package grfext Info: Graphics extension search list:
(grfext)             [.png,.pdf,.jpg,.mps,.jpeg,.jbig2,.jb2,.PNG,.PDF,.JPG,.JPE
G,.JBIG2,.JB2,.eps]
(grfext)             \AppendGraphicsExtensions on input line 452.

(/usr/local/texlive/2015/texmf-dist/tex/latex/latexconfig/epstopdf-sys.cfg
File: epstopdf-sys.cfg 2010/07/13 v1.3 Configuration of (r)epstopdf for TeX Liv
e
))
\c@lstlisting=\count141
Package caption Info: Begin \AtBeginDocument code.
Package caption Info: hyperref package is loaded.
Package caption Info: End \AtBeginDocument code.
\AtBeginShipoutBox=\box32
Package backref Info: ** backref set up for natbib ** on input line 352.
Package hyperref Info: Link coloring OFF on input line 352.

(/usr/local/texlive/2015/texmf-dist/tex/latex/hyperref/nameref.sty
Package: nameref 2012/10/27 v2.43 Cross-referencing by name of section

(/usr/local/texlive/2015/texmf-dist/tex/generic/oberdiek/gettitlestring.sty
Package: gettitlestring 2010/12/03 v1.4 Cleanup title references (HO)
)
\c@section@level=\count142
)
LaTeX Info: Redefining \ref on input line 352.
LaTeX Info: Redefining \pageref on input line 352.
LaTeX Info: Redefining \nameref on input line 352.

(./diss.out) (./diss.out)
\@outlinefile=\write5
\openout5 = `diss.out'.


*geometry* driver: auto-detecting
*geometry* detected driver: pdftex
*geometry* verbose mode - [ preamble ] result:
* driver: pdftex
* paper: <default>
* layout: <same size as paper>
* layoutoffset:(h,v)=(0.0pt,0.0pt)
* modes: 
* h-part:(L,W,R)=(72.26999pt, 487.82251pt, 54.2025pt)
* v-part:(T,H,B)=(54.2025pt, 686.56499pt, 54.2025pt)
* \paperwidth=614.295pt
* \paperheight=794.96999pt
* \textwidth=487.82251pt
* \textheight=686.56499pt
* \oddsidemargin=0.0pt
* \evensidemargin=0.0pt
* \topmargin=-49.94128pt
* \headheight=12.0pt
* \headsep=19.8738pt
* \topskip=11.0pt
* \footskip=27.46295pt
* \marginparwidth=62.0pt
* \marginparsep=7.0pt
* \columnsep=10.0pt
* \skip\footins=10.0pt plus 4.0pt minus 2.0pt
* \hoffset=0.0pt
* \voffset=0.0pt
* \mag=1000
* \@twocolumnfalse
* \@twosidefalse
* \@mparswitchfalse
* \@reversemarginfalse
* (1in=72.27pt=25.4mm, 1cm=28.453pt)

LaTeX Font Info:    Font shape `OT1/ptm/bx/n' in size <14.4> not available
(Font)              Font shape `OT1/ptm/b/n' tried instead on input line 361.
LaTeX Font Info:    Font shape `OT1/ptm/bx/n' in size <12> not available
(Font)              Font shape `OT1/ptm/b/n' tried instead on input line 361.
LaTeX Font Info:    Try loading font information for OMS+ptm on input line 361.

(/usr/local/texlive/2015/texmf-dist/tex/latex/psnfss/omsptm.fd
File: omsptm.fd 
)
LaTeX Font Info:    Font shape `OMS/ptm/m/n' in size <12> not available
(Font)              Font shape `OMS/cmsy/m/n' tried instead on input line 361.
 [1





{/usr/local/texlive/2015/texmf-var/fonts/map/pdftex/updmap/pdftex.map}]
\openout2 = `abstract.aux'.

 (./abstract.tex
LaTeX Font Info:    Font shape `OT1/ptm/bx/n' in size <24.88> not available
(Font)              Font shape `OT1/ptm/b/n' tried instead on input line 4.
)
[2


]
\openout2 = `preface.aux'.

 (./preface.tex
LaTeX Font Info:    Try loading font information for OT1+ztmcm on input line 9.


(/usr/local/texlive/2015/texmf-dist/tex/latex/psnfss/ot1ztmcm.fd
File: ot1ztmcm.fd 2000/01/03 Fontinst v1.801 font definitions for OT1/ztmcm.
)
LaTeX Font Info:    Try loading font information for OML+ztmcm on input line 9.


(/usr/local/texlive/2015/texmf-dist/tex/latex/psnfss/omlztmcm.fd
File: omlztmcm.fd 2000/01/03 Fontinst v1.801 font definitions for OML/ztmcm.
)
LaTeX Font Info:    Try loading font information for OMS+ztmcm on input line 9.


(/usr/local/texlive/2015/texmf-dist/tex/latex/psnfss/omsztmcm.fd
File: omsztmcm.fd 2000/01/03 Fontinst v1.801 font definitions for OMS/ztmcm.
)
LaTeX Font Info:    Try loading font information for OMX+ztmcm on input line 9.


(/usr/local/texlive/2015/texmf-dist/tex/latex/psnfss/omxztmcm.fd
File: omxztmcm.fd 2000/01/03 Fontinst v1.801 font definitions for OMX/ztmcm.
)
LaTeX Font Info:    Font shape `OT1/ptm/bx/n' in size <10.95> not available
(Font)              Font shape `OT1/ptm/b/n' tried instead on input line 9.
LaTeX Font Info:    Font shape `OT1/ptm/bx/n' in size <8> not available
(Font)              Font shape `OT1/ptm/b/n' tried instead on input line 9.
LaTeX Font Info:    Font shape `OT1/ptm/bx/n' in size <6> not available
(Font)              Font shape `OT1/ptm/b/n' tried instead on input line 9.

Overfull \hbox (5.62868pt too wide) in paragraph at lines 11--12
[][]\OT1/ptm/m/n/10.95 Chapter 3[][] is an adap-ta-tion of the ar-ti-cle -- \OT
1/ptm/m/it/10.95 Clus-ter Mag-ni-fi-ca-tion and the Mass-Richness Re-la-tion in
 CFHTLenS
 []

) [3




] (./diss.toc [4



]
Package acronym Info: Label `acro:3D-MF' newly defined as it shall be overridde
n
although it is yet undefined on input line 40.
Package acronym Info: Label `acro:CFHTLenS' newly defined as it shall be overri
dden
although it is yet undefined on input line 57.
 [5])
\tf@toc=\write6
\openout6 = `diss.toc'.

 [6] (./diss.lot)
\tf@lot=\write7
\openout7 = `diss.lot'.

 [7


] (./diss.lof
Package acronym Info: Label `acro:COSMOS' newly defined as it shall be overridd
en
although it is yet undefined on input line 12.
)
\tf@lof=\write8
\openout8 = `diss.lof'.

 [8


]
(./glossary.tex
LaTeX Font Info:    Font shape `OT1/ptm/bx/sc' in size <10.95> not available
(Font)              Font shape `OT1/ptm/b/sc' tried instead on input line 15.
 [9


]
LaTeX Font Info:    Try loading font information for U+eus on input line 92.

(/usr/local/texlive/2015/texmf-dist/tex/latex/amsfonts/ueus.fd
File: ueus.fd 2013/01/14 v3.01 Euler Script
) [10]) [11]
[12]
\openout2 = `dedicate.aux'.

 (./dedicate.tex) [13


]
\openout2 = `intro.aux'.

 (./intro.tex
Chapter 1.
LaTeX Font Info:    Font shape `OT1/ptm/bx/n' in size <20.74> not available
(Font)              Font shape `OT1/ptm/b/n' tried instead on input line 4.
[1




]
LaTeX Font Info:    Font shape `OT1/ptm/bx/n' in size <9> not available
(Font)              Font shape `OT1/ptm/b/n' tried instead on input line 33.
LaTeX Font Info:    Font shape `OT1/ptm/bx/n' in size <7> not available
(Font)              Font shape `OT1/ptm/b/n' tried instead on input line 33.
LaTeX Font Info:    Font shape `OT1/ptm/bx/n' in size <5> not available
(Font)              Font shape `OT1/ptm/b/n' tried instead on input line 33.
Package acronym Info: Label `acro:CMB' newly defined as it shall be overridden
although it is yet undefined on input line 39.
Package acronym Info: Label `acro:COBE' newly defined as it shall be overridden

although it is yet undefined on input line 39.
Package acronym Info: Label `acro:WMAP' newly defined as it shall be overridden

although it is yet undefined on input line 39.
 [2]
Package acronym Info: Label `acro:WIMP' newly defined as it shall be overridden

although it is yet undefined on input line 61.
 [3] [4] [5] [6] [7]
<plots_intro/LensDiagram.png, id=735, 1158.3275pt x 592.2125pt>
File: plots_intro/LensDiagram.png Graphic file (type png)

<use plots_intro/LensDiagram.png>
Package pdftex.def Info: plots_intro/LensDiagram.png used on input line 206.
(pdftex.def)             Requested size: 463.3228pt x 236.8808pt.
 [8 <./plots_intro/LensDiagram.png>]
<plots_intro/Abell2218_Med.jpg, id=763, 267.35722pt x 177.5419pt>
File: plots_intro/Abell2218_Med.jpg Graphic file (type jpg)

<use plots_intro/Abell2218_Med.jpg>
Package pdftex.def Info: plots_intro/Abell2218_Med.jpg used on input line 218.
(pdftex.def)             Requested size: 401.03485pt x 266.31218pt.
Package acronym Info: Label `acro:MACHO' newly defined as it shall be overridde
n
although it is yet undefined on input line 226.
 [9 <./plots_intro/Abell2218_Med.jpg>]
<plots_intro/KappaGamma.png, id=801, 617.30624pt x 598.235pt>
File: plots_intro/KappaGamma.png Graphic file (type png)

<use plots_intro/KappaGamma.png>
Package pdftex.def Info: plots_intro/KappaGamma.png used on input line 262.
(pdftex.def)             Requested size: 185.1933pt x 179.47188pt.
 [10]

Package mathptmx Warning: There are no bold math fonts on input line 271.

[11 <./plots_intro/KappaGamma.png>] [12]
<plots_intro/TangentialShear.png, id=860, 794.97pt x 780.9175pt>
File: plots_intro/TangentialShear.png Graphic file (type png)

<use plots_intro/TangentialShear.png>
Package pdftex.def Info: plots_intro/TangentialShear.png used on input line 344
.
(pdftex.def)             Requested size: 317.98236pt x 312.36147pt.
 [13 <./plots_intro/TangentialShear.png>]
<plots_intro/Magnification.png, id=896, 1197.47375pt x 598.235pt>
File: plots_intro/Magnification.png Graphic file (type png)

<use plots_intro/Magnification.png>
Package pdftex.def Info: plots_intro/Magnification.png used on input line 377.
(pdftex.def)             Requested size: 478.98102pt x 239.28975pt.
Package acronym Info: Label `acro:SDSS' newly defined as it shall be overridden

although it is yet undefined on input line 378.
 [14] [15 <./plots_intro/Magnification.png>]
Package acronym Info: Label `acro:LBG' newly defined as it shall be overridden
although it is yet undefined on input line 414.
[16] [17]
Package acronym Info: Label `acro:ICM' newly defined as it shall be overridden
although it is yet undefined on input line 447.
 [18]
Package acronym Info: Label `acro:CFHTLS' newly defined as it shall be overridd
en
although it is yet undefined on input line 451.
 [19] [20]
Package acronym Info: Label `acro:LF' newly defined as it shall be overridden
although it is yet undefined on input line 505.
Package acronym Info: Label `acro:BCG' newly defined as it shall be overridden
although it is yet undefined on input line 507.
Package acronym Info: Label `acro:AGN' newly defined as it shall be overridden
although it is yet undefined on input line 507.
 [21]
Package acronym Info: Label `acro:NFW' newly defined as it shall be overridden
although it is yet undefined on input line 529.
 [22]
Overfull \hbox (12.70224pt too wide) in paragraph at lines 546--547
[]\OT1/ptm/m/n/10.95 Following from the [][] for-mal-ism, [][]Wright and Brain-
erd[] ([]2000[]) per-formed cal-cu-la-tions of the two-dimensional
 []

[23]
Package acronym Info: Label `acro:SIS' newly defined as it shall be overridden
although it is yet undefined on input line 576.
 [24]
Package acronym Info: Label `acro:COSMOS' overridden on input line 592.
Package acronym Info: Label `acro:CFHTLenS' overridden on input line 592.
LaTeX Font Info:    Font shape `OMS/ptm/m/n' in size <10.95> not available
(Font)              Font shape `OMS/cmsy/m/n' tried instead on input line 606.
 [25]) [26]
\openout2 = `ch2.aux'.

 (./ch2.tex
Chapter 2.
[27



] [28]
Package epstopdf Info: Source file: <plots_ch2/m200_zphot_histograms_44x.eps>
(epstopdf)                    date: 2015-04-14 15:29:15
(epstopdf)                    size: 17295 bytes
(epstopdf)             Output file: <plots_ch2/m200_zphot_histograms_44x-eps-co
nverted-to.pdf>
(epstopdf)                    date: 2015-04-17 14:34:40
(epstopdf)                    size: 9719 bytes
(epstopdf)             Command: <epstopdf --outfile=plots_ch2/m200_zphot_histog
rams_44x-eps-converted-to.pdf plots_ch2/m200_zphot_histograms_44x.eps>
(epstopdf)             \includegraphics on input line 68.
Package epstopdf Info: Output file is already uptodate.

<plots_ch2/m200_zphot_histograms_44x-eps-converted-to.pdf, id=1394, 352.31625pt
 x 196.735pt>
File: plots_ch2/m200_zphot_histograms_44x-eps-converted-to.pdf Graphic file (ty
pe pdf)
 <use plots_ch2/m200_zphot_histograms_44x-eps-converted-to.pdf>
Package pdftex.def Info: plots_ch2/m200_zphot_histograms_44x-eps-converted-to.p
df used on input line 68.
(pdftex.def)             Requested size: 352.31538pt x 196.7345pt.
LaTeX Font Info:    Try loading font information for OT1+pcr on input line 74.

(/usr/local/texlive/2015/texmf-dist/tex/latex/psnfss/ot1pcr.fd
File: ot1pcr.fd 2001/06/04 font definitions for OT1/pcr.
) [29] [30 <./plots_ch2/m200_zphot_histograms_44x-eps-converted-to.pdf>]
Package epstopdf Info: Source file: <plots_ch2/magbinnedLBGs_multiNFWfit.eps>
(epstopdf)                    date: 2015-04-14 15:29:17
(epstopdf)                    size: 34924 bytes
(epstopdf)             Output file: <plots_ch2/magbinnedLBGs_multiNFWfit-eps-co
nverted-to.pdf>
(epstopdf)                    date: 2015-04-17 14:34:40
(epstopdf)                    size: 16123 bytes
(epstopdf)             Command: <epstopdf --outfile=plots_ch2/magbinnedLBGs_mul
tiNFWfit-eps-converted-to.pdf plots_ch2/magbinnedLBGs_multiNFWfit.eps>
(epstopdf)             \includegraphics on input line 99.
Package epstopdf Info: Output file is already uptodate.

<plots_ch2/magbinnedLBGs_multiNFWfit-eps-converted-to.pdf, id=1440, 379.4175pt 
x 154.5775pt>
File: plots_ch2/magbinnedLBGs_multiNFWfit-eps-converted-to.pdf Graphic file (ty
pe pdf)
 <use plots_ch2/magbinnedLBGs_multiNFWfit-eps-converted-to.pdf>
Package pdftex.def Info: plots_ch2/magbinnedLBGs_multiNFWfit-eps-converted-to.p
df used on input line 99.
(pdftex.def)             Requested size: 455.2987pt x 185.49205pt.


Package hyperref Warning: Token not allowed in a PDF string (PDFDocEncoding):
(hyperref)                removing `math shift' on input line 107.


Package hyperref Warning: Token not allowed in a PDF string (PDFDocEncoding):
(hyperref)                removing `\alpha' on input line 107.


Package hyperref Warning: Token not allowed in a PDF string (PDFDocEncoding):
(hyperref)                removing `math shift' on input line 107.

[31 <./plots_ch2/magbinnedLBGs_multiNFWfit-eps-converted-to.pdf>] [32] [33]
[34]
Package epstopdf Info: Source file: <plots_ch2/wopt_CompositeHaloFits_44x_LFam1
_aveErr07magcut.eps>
(epstopdf)                    date: 2015-04-14 15:29:19
(epstopdf)                    size: 25494 bytes
(epstopdf)             Output file: <plots_ch2/wopt_CompositeHaloFits_44x_LFam1
_aveErr07magcut-eps-converted-to.pdf>
(epstopdf)                    date: 2015-04-17 14:34:41
(epstopdf)                    size: 14446 bytes
(epstopdf)             Command: <epstopdf --outfile=plots_ch2/wopt_CompositeHal
oFits_44x_LFam1_aveErr07magcut-eps-converted-to.pdf plots_ch2/wopt_CompositeHal
oFits_44x_LFam1_aveErr07magcut.eps>
(epstopdf)             \includegraphics on input line 216.
Package epstopdf Info: Output file is already uptodate.

<plots_ch2/wopt_CompositeHaloFits_44x_LFam1_aveErr07magcut-eps-converted-to.pdf
, id=1521, 461.725pt x 345.29pt>
File: plots_ch2/wopt_CompositeHaloFits_44x_LFam1_aveErr07magcut-eps-converted-t
o.pdf Graphic file (type pdf)

<use plots_ch2/wopt_CompositeHaloFits_44x_LFam1_aveErr07magcut-eps-converted-to
.pdf>
Package pdftex.def Info: plots_ch2/wopt_CompositeHaloFits_44x_LFam1_aveErr07mag
cut-eps-converted-to.pdf used on input line 216.
(pdftex.def)             Requested size: 461.72388pt x 345.28914pt.
 [35 <./plots_ch2/wopt_CompositeHaloFits_44x_LFam1_aveErr07magcut-eps-converted
-to.pdf>]) [36] [37]
\openout2 = `ch3.aux'.

 (./ch3.tex
Chapter 3.
Package acronym Info: Label `acro:3D-MF' overridden on input line 8.
[38



]
LaTeX Font Info:    Font shape `OT1/ptm/bx/sc' in size <12> not available
(Font)              Font shape `OT1/ptm/b/sc' tried instead on input line 29.
LaTeX Font Info:    Try loading font information for OML+ptm on input line 31.
 (/usr/local/texlive/2015/texmf-dist/tex/latex/psnfss/omlptm.fd
File: omlptm.fd 
)
LaTeX Font Info:    Font shape `OML/ptm/m/n' in size <10.95> not available
(Font)              Font shape `OML/cmm/m/it' tried instead on input line 31.
 [39]
Package epstopdf Info: Source file: <plots_ch3/PofRc_bestfit_python.eps>
(epstopdf)                    date: 2014-05-30 13:10:21
(epstopdf)                    size: 476614 bytes
(epstopdf)             Output file: <plots_ch3/PofRc_bestfit_python-eps-convert
ed-to.pdf>
(epstopdf)                    date: 2014-05-30 13:12:52
(epstopdf)                    size: 22530 bytes
(epstopdf)             Command: <epstopdf --outfile=plots_ch3/PofRc_bestfit_pyt
hon-eps-converted-to.pdf plots_ch3/PofRc_bestfit_python.eps>
(epstopdf)             \includegraphics on input line 45.
Package epstopdf Info: Output file is already uptodate.

<plots_ch3/PofRc_bestfit_python-eps-converted-to.pdf, id=1613, 518.93875pt x 40
2.50375pt>
File: plots_ch3/PofRc_bestfit_python-eps-converted-to.pdf Graphic file (type pd
f)
 <use plots_ch3/PofRc_bestfit_python-eps-converted-to.pdf>
Package pdftex.def Info: plots_ch3/PofRc_bestfit_python-eps-converted-to.pdf us
ed on input line 45.
(pdftex.def)             Requested size: 311.36565pt x 241.5041pt.
 [40 <./plots_ch3/PofRc_bestfit_python-eps-converted-to.pdf>] [41]
Package epstopdf Info: Source file: <plots_ch3/N200histogram.eps>
(epstopdf)                    date: 2014-05-30 13:10:21
(epstopdf)                    size: 466866 bytes
(epstopdf)             Output file: <plots_ch3/N200histogram-eps-converted-to.p
df>
(epstopdf)                    date: 2014-05-30 13:12:53
(epstopdf)                    size: 11715 bytes
(epstopdf)             Command: <epstopdf --outfile=plots_ch3/N200histogram-eps
-converted-to.pdf plots_ch3/N200histogram.eps>
(epstopdf)             \includegraphics on input line 97.
Package epstopdf Info: Output file is already uptodate.

<plots_ch3/N200histogram-eps-converted-to.pdf, id=1711, 516.93124pt x 404.51125
pt>
File: plots_ch3/N200histogram-eps-converted-to.pdf Graphic file (type pdf)
 <use plots_ch3/N200histogram-eps-converted-to.pdf>
Package pdftex.def Info: plots_ch3/N200histogram-eps-converted-to.pdf used on i
nput line 97.
(pdftex.def)             Requested size: 310.16113pt x 242.70862pt.
 [42 <./plots_ch3/N200histogram-eps-converted-to.pdf>] [43] [44] [45]
Package epstopdf Info: Source file: <plots_ch3/PofZ_clustersNudrops.eps>
(epstopdf)                    date: 2014-05-30 13:10:21
(epstopdf)                    size: 216703 bytes
(epstopdf)             Output file: <plots_ch3/PofZ_clustersNudrops-eps-convert
ed-to.pdf>
(epstopdf)                    date: 2014-05-30 13:12:53
(epstopdf)                    size: 10637 bytes
(epstopdf)             Command: <epstopdf --outfile=plots_ch3/PofZ_clustersNudr
ops-eps-converted-to.pdf plots_ch3/PofZ_clustersNudrops.eps>
(epstopdf)             \includegraphics on input line 217.
Package epstopdf Info: Output file is already uptodate.

<plots_ch3/PofZ_clustersNudrops-eps-converted-to.pdf, id=1837, 503.8825pt x 190
.7125pt>
File: plots_ch3/PofZ_clustersNudrops-eps-converted-to.pdf Graphic file (type pd
f)
 <use plots_ch3/PofZ_clustersNudrops-eps-converted-to.pdf>
Package pdftex.def Info: plots_ch3/PofZ_clustersNudrops-eps-converted-to.pdf us
ed on input line 217.
(pdftex.def)             Requested size: 352.71535pt x 133.49782pt.
 [46 <./plots_ch3/PofZ_clustersNudrops-eps-converted-to.pdf>] [47]
Package epstopdf Info: Source file: <plots_ch3/wopt_allClusters_U.eps>
(epstopdf)                    date: 2014-05-30 13:10:21
(epstopdf)                    size: 433727 bytes
(epstopdf)             Output file: <plots_ch3/wopt_allClusters_U-eps-converted
-to.pdf>
(epstopdf)                    date: 2014-05-30 13:12:54
(epstopdf)                    size: 16101 bytes
(epstopdf)             Command: <epstopdf --outfile=plots_ch3/wopt_allClusters_
U-eps-converted-to.pdf plots_ch3/wopt_allClusters_U.eps>
(epstopdf)             \includegraphics on input line 264.
Package epstopdf Info: Output file is already uptodate.

<plots_ch3/wopt_allClusters_U-eps-converted-to.pdf, id=1899, 503.8825pt x 388.4
5125pt>
File: plots_ch3/wopt_allClusters_U-eps-converted-to.pdf Graphic file (type pdf)

 <use plots_ch3/wopt_allClusters_U-eps-converted-to.pdf>
Package pdftex.def Info: plots_ch3/wopt_allClusters_U-eps-converted-to.pdf used
 on input line 264.
(pdftex.def)             Requested size: 352.71535pt x 271.914pt.
 [48 <./plots_ch3/wopt_allClusters_U-eps-converted-to.pdf>]
Package epstopdf Info: Source file: <plots_ch3/wopt_panel_fcc0and1_U.eps>
(epstopdf)                    date: 2014-05-30 13:10:21
(epstopdf)                    size: 461785 bytes
(epstopdf)             Output file: <plots_ch3/wopt_panel_fcc0and1_U-eps-conver
ted-to.pdf>
(epstopdf)                    date: 2014-05-30 13:12:55
(epstopdf)                    size: 33471 bytes
(epstopdf)             Command: <epstopdf --outfile=plots_ch3/wopt_panel_fcc0an
d1_U-eps-converted-to.pdf plots_ch3/wopt_panel_fcc0and1_U.eps>
(epstopdf)             \includegraphics on input line 286.
Package epstopdf Info: Output file is already uptodate.

<plots_ch3/wopt_panel_fcc0and1_U-eps-converted-to.pdf, id=1944, 498.86375pt x 3
41.275pt>
File: plots_ch3/wopt_panel_fcc0and1_U-eps-converted-to.pdf Graphic file (type p
df)
 <use plots_ch3/wopt_panel_fcc0and1_U-eps-converted-to.pdf>
Package pdftex.def Info: plots_ch3/wopt_panel_fcc0and1_U-eps-converted-to.pdf u
sed on input line 286.
(pdftex.def)             Requested size: 448.97322pt x 307.14465pt.
 [49 <./plots_ch3/wopt_panel_fcc0and1_U-eps-converted-to.pdf>]
Package epstopdf Info: Source file: <plots_ch3/MassRich_2to1000_U.eps>
(epstopdf)                    date: 2014-05-30 13:10:21
(epstopdf)                    size: 459274 bytes
(epstopdf)             Output file: <plots_ch3/MassRich_2to1000_U-eps-converted
-to.pdf>
(epstopdf)                    date: 2014-05-30 13:12:56
(epstopdf)                    size: 15275 bytes
(epstopdf)             Command: <epstopdf --outfile=plots_ch3/MassRich_2to1000_
U-eps-converted-to.pdf plots_ch3/MassRich_2to1000_U.eps>
(epstopdf)             \includegraphics on input line 305.
Package epstopdf Info: Output file is already uptodate.

<plots_ch3/MassRich_2to1000_U-eps-converted-to.pdf, id=2007, 516.93124pt x 399.
4925pt>
File: plots_ch3/MassRich_2to1000_U-eps-converted-to.pdf Graphic file (type pdf)

 <use plots_ch3/MassRich_2to1000_U-eps-converted-to.pdf>
Package pdftex.def Info: plots_ch3/MassRich_2to1000_U-eps-converted-to.pdf used
 on input line 305.
(pdftex.def)             Requested size: 361.8494pt x 279.64284pt.
 [50 <./plots_ch3/MassRich_2to1000_U-eps-converted-to.pdf>] [51] [52]
Package epstopdf Info: Source file: <plots_ch3/zbin_histograms.eps>
(epstopdf)                    date: 2014-05-30 13:10:21
(epstopdf)                    size: 260510 bytes
(epstopdf)             Output file: <plots_ch3/zbin_histograms-eps-converted-to
.pdf>
(epstopdf)                    date: 2014-05-30 13:12:56
(epstopdf)                    size: 15617 bytes
(epstopdf)             Command: <epstopdf --outfile=plots_ch3/zbin_histograms-e
ps-converted-to.pdf plots_ch3/zbin_histograms.eps>
(epstopdf)             \includegraphics on input line 383.
Package epstopdf Info: Output file is already uptodate.

<plots_ch3/zbin_histograms-eps-converted-to.pdf, id=2075, 456.70625pt x 208.78p
t>
File: plots_ch3/zbin_histograms-eps-converted-to.pdf Graphic file (type pdf)
 <use plots_ch3/zbin_histograms-eps-converted-to.pdf>
Package pdftex.def Info: plots_ch3/zbin_histograms-eps-converted-to.pdf used on
 input line 383.
(pdftex.def)             Requested size: 456.70512pt x 208.77946pt.
 [53


 <./plots_ch3/zbin_histograms-eps-converted-to.pdf>]
Package epstopdf Info: Source file: <plots_ch3/wopt_z_panels_U.eps>
(epstopdf)                    date: 2014-05-30 13:10:21
(epstopdf)                    size: 348301 bytes
(epstopdf)             Output file: <plots_ch3/wopt_z_panels_U-eps-converted-to
.pdf>
(epstopdf)                    date: 2014-05-30 13:12:57
(epstopdf)                    size: 39917 bytes
(epstopdf)             Command: <epstopdf --outfile=plots_ch3/wopt_z_panels_U-e
ps-converted-to.pdf plots_ch3/wopt_z_panels_U.eps>
(epstopdf)             \includegraphics on input line 401.
Package epstopdf Info: Output file is already uptodate.

<plots_ch3/wopt_z_panels_U-eps-converted-to.pdf, id=2111, 498.86375pt x 207.776
25pt>
File: plots_ch3/wopt_z_panels_U-eps-converted-to.pdf Graphic file (type pdf)
 <use plots_ch3/wopt_z_panels_U-eps-converted-to.pdf>
Package pdftex.def Info: plots_ch3/wopt_z_panels_U-eps-converted-to.pdf used on
 input line 401.
(pdftex.def)             Requested size: 448.97322pt x 186.99687pt.
 [54 <./plots_ch3/wopt_z_panels_U-eps-converted-to.pdf>]
Package acronym Info: Label `acro:LSST' newly defined as it shall be overridden

although it is yet undefined on input line 424.
Package acronym Info: Label `acro:WFIRST' newly defined as it shall be overridd
en
although it is yet undefined on input line 424.
) [55]
\openout2 = `ch4.aux'.

 (./ch4.tex
Chapter 4.
LaTeX Font Info:    Try loading font information for OT1+phv on input line 8.
(/usr/local/texlive/2015/texmf-dist/tex/latex/psnfss/ot1phv.fd
File: ot1phv.fd 2001/06/04 scalable font definitions for OT1/phv.
) [56



]
Package acronym Info: Label `acro:CFHT' newly defined as it shall be overridden

although it is yet undefined on input line 33.


Package hyperref Warning: Token not allowed in a PDF string (PDFDocEncoding):
(hyperref)                removing `math shift' on input line 39.


Package hyperref Warning: Token not allowed in a PDF string (PDFDocEncoding):
(hyperref)                removing `math shift' on input line 39.

[57] [58]
Overfull \hbox (1.40169pt too wide) in paragraph at lines 64--65
[]\OT1/ptm/m/n/10.95 Excluding pos-si-ble mul-ti-ple de-tec-tions, a to-tal of 
22,694 galaxy clus-ter can-di-dates were found in the [][]-
 []

Package epstopdf Info: Source file: <plots_ch4/MassSig_relation.eps>
(epstopdf)                    date: 2015-01-13 06:25:17
(epstopdf)                    size: 431459 bytes
(epstopdf)             Output file: <plots_ch4/MassSig_relation-eps-converted-t
o.pdf>
(epstopdf)                    date: 2015-01-13 11:34:13
(epstopdf)                    size: 14450 bytes
(epstopdf)             Command: <epstopdf --outfile=plots_ch4/MassSig_relation-
eps-converted-to.pdf plots_ch4/MassSig_relation.eps>
(epstopdf)             \includegraphics on input line 72.
Package epstopdf Info: Output file is already uptodate.

<plots_ch4/MassSig_relation-eps-converted-to.pdf, id=2279, 520.94624pt x 373.39
5pt>
File: plots_ch4/MassSig_relation-eps-converted-to.pdf Graphic file (type pdf)
 <use plots_ch4/MassSig_relation-eps-converted-to.pdf>
Package pdftex.def Info: plots_ch4/MassSig_relation-eps-converted-to.pdf used o
n input line 72.
(pdftex.def)             Requested size: 364.65988pt x 261.37471pt.
Package epstopdf Info: Source file: <plots_ch4/hists_N200_z_NoGaps.eps>
(epstopdf)                    date: 2015-01-13 06:26:08
(epstopdf)                    size: 248483 bytes
(epstopdf)             Output file: <plots_ch4/hists_N200_z_NoGaps-eps-converte
d-to.pdf>
(epstopdf)                    date: 2015-01-13 11:34:14
(epstopdf)                    size: 11852 bytes
(epstopdf)             Command: <epstopdf --outfile=plots_ch4/hists_N200_z_NoGa
ps-eps-converted-to.pdf plots_ch4/hists_N200_z_NoGaps.eps>
(epstopdf)             \includegraphics on input line 82.
Package epstopdf Info: Output file is already uptodate.

<plots_ch4/hists_N200_z_NoGaps-eps-converted-to.pdf, id=2282, 481.8pt x 204.765
pt>
File: plots_ch4/hists_N200_z_NoGaps-eps-converted-to.pdf Graphic file (type pdf
)
 <use plots_ch4/hists_N200_z_NoGaps-eps-converted-to.pdf>
Package pdftex.def Info: plots_ch4/hists_N200_z_NoGaps-eps-converted-to.pdf use
d on input line 82.
(pdftex.def)             Requested size: 433.61598pt x 184.28677pt.
 [59 <./plots_ch4/MassSig_relation-eps-converted-to.pdf>]
Package epstopdf Info: Source file: <plots_ch4/N200vsSig.eps>
(epstopdf)                    date: 2015-01-13 06:26:25
(epstopdf)                    size: 412821 bytes
(epstopdf)             Output file: <plots_ch4/N200vsSig-eps-converted-to.pdf>
(epstopdf)                    date: 2015-01-13 11:34:15
(epstopdf)                    size: 11568 bytes
(epstopdf)             Command: <epstopdf --outfile=plots_ch4/N200vsSig-eps-con
verted-to.pdf plots_ch4/N200vsSig.eps>
(epstopdf)             \includegraphics on input line 101.
Package epstopdf Info: Output file is already uptodate.

<plots_ch4/N200vsSig-eps-converted-to.pdf, id=2336, 508.90125pt x 373.395pt>
File: plots_ch4/N200vsSig-eps-converted-to.pdf Graphic file (type pdf)

<use plots_ch4/N200vsSig-eps-converted-to.pdf>
Package pdftex.def Info: plots_ch4/N200vsSig-eps-converted-to.pdf used on input
 line 101.
(pdftex.def)             Requested size: 356.22844pt x 261.37471pt.
 [60 <./plots_ch4/hists_N200_z_NoGaps-eps-converted-to.pdf>]

Package hyperref Warning: Token not allowed in a PDF string (PDFDocEncoding):
(hyperref)                removing `math shift' on input line 126.


Package hyperref Warning: Token not allowed in a PDF string (PDFDocEncoding):
(hyperref)                removing `\Delta' on input line 126.


Package hyperref Warning: Token not allowed in a PDF string (PDFDocEncoding):
(hyperref)                removing `\Sigma' on input line 126.


Package hyperref Warning: Token not allowed in a PDF string (PDFDocEncoding):
(hyperref)                removing `math shift' on input line 126.

[61 <./plots_ch4/N200vsSig-eps-converted-to.pdf>] [62]
Package epstopdf Info: Source file: <plots_ch4/PofRc_DeltaSigma_example.eps>
(epstopdf)                    date: 2015-01-13 06:26:41
(epstopdf)                    size: 189463 bytes
(epstopdf)             Output file: <plots_ch4/PofRc_DeltaSigma_example-eps-con
verted-to.pdf>
(epstopdf)                    date: 2015-01-13 11:34:15
(epstopdf)                    size: 16995 bytes
(epstopdf)             Command: <epstopdf --outfile=plots_ch4/PofRc_DeltaSigma_
example-eps-converted-to.pdf plots_ch4/PofRc_DeltaSigma_example.eps>
(epstopdf)             \includegraphics on input line 181.
Package epstopdf Info: Output file is already uptodate.

<plots_ch4/PofRc_DeltaSigma_example-eps-converted-to.pdf, id=2447, 474.77374pt 
x 152.57pt>
File: plots_ch4/PofRc_DeltaSigma_example-eps-converted-to.pdf Graphic file (typ
e pdf)
 <use plots_ch4/PofRc_DeltaSigma_example-eps-converted-to.pdf>
Package pdftex.def Info: plots_ch4/PofRc_DeltaSigma_example-eps-converted-to.pd
f used on input line 181.
(pdftex.def)             Requested size: 474.77258pt x 152.56963pt.

[63] [64 <./plots_ch4/PofRc_DeltaSigma_example-eps-converted-to.pdf>] [65]
Package epstopdf Info: Source file: <plots_ch4/shearFit_panel_fcc0and1_slopeMN1
p5_DuttonMaccio.eps>
(epstopdf)                    date: 2015-01-13 06:27:02
(epstopdf)                    size: 525590 bytes
(epstopdf)             Output file: <plots_ch4/shearFit_panel_fcc0and1_slopeMN1
p5_DuttonMaccio-eps-converted-to.pdf>
(epstopdf)                    date: 2015-01-13 11:37:28
(epstopdf)                    size: 38894 bytes
(epstopdf)             Command: <epstopdf --outfile=plots_ch4/shearFit_panel_fc
c0and1_slopeMN1p5_DuttonMaccio-eps-converted-to.pdf plots_ch4/shearFit_panel_fc
c0and1_slopeMN1p5_DuttonMaccio.eps>
(epstopdf)             \includegraphics on input line 255.
Package epstopdf Info: Output file is already uptodate.

<plots_ch4/shearFit_panel_fcc0and1_slopeMN1p5_DuttonMaccio-eps-converted-to.pdf
, id=2572, 501.875pt x 384.43625pt>
File: plots_ch4/shearFit_panel_fcc0and1_slopeMN1p5_DuttonMaccio-eps-converted-t
o.pdf Graphic file (type pdf)

<use plots_ch4/shearFit_panel_fcc0and1_slopeMN1p5_DuttonMaccio-eps-converted-to
.pdf>
Package pdftex.def Info: plots_ch4/shearFit_panel_fcc0and1_slopeMN1p5_DuttonMac
cio-eps-converted-to.pdf used on input line 255.
(pdftex.def)             Requested size: 451.68332pt x 345.98943pt.
Package epstopdf Info: Source file: <plots_ch4/m200panels_NoGaps.eps>
(epstopdf)                    date: 2015-01-13 06:27:28
(epstopdf)                    size: 232939 bytes
(epstopdf)             Output file: <plots_ch4/m200panels_NoGaps-eps-converted-
to.pdf>
(epstopdf)                    date: 2015-01-13 11:37:29
(epstopdf)                    size: 20749 bytes
(epstopdf)             Command: <epstopdf --outfile=plots_ch4/m200panels_NoGaps
-eps-converted-to.pdf plots_ch4/m200panels_NoGaps.eps>
(epstopdf)             \includegraphics on input line 265.
Package epstopdf Info: Output file is already uptodate.

<plots_ch4/m200panels_NoGaps-eps-converted-to.pdf, id=2579, 483.8075pt x 90.337
5pt>
File: plots_ch4/m200panels_NoGaps-eps-converted-to.pdf Graphic file (type pdf)
 <use plots_ch4/m200panels_NoGaps-eps-converted-to.pdf>
Package pdftex.def Info: plots_ch4/m200panels_NoGaps-eps-converted-to.pdf used 
on input line 265.
(pdftex.def)             Requested size: 483.80632pt x 90.33727pt.
 [66] [67 <./plots_ch4/shearFit_panel_fcc0and1_slopeMN1p5_DuttonMaccio-eps-conv
erted-to.pdf> <./plots_ch4/m200panels_NoGaps-eps-converted-to.pdf>] [68] [69]

Package hyperref Warning: Token not allowed in a PDF string (PDFDocEncoding):
(hyperref)                removing `math shift' on input line 365.


Package hyperref Warning: Token not allowed in a PDF string (PDFDocEncoding):
(hyperref)                removing `\Delta' on input line 365.


Package hyperref Warning: Token not allowed in a PDF string (PDFDocEncoding):
(hyperref)                removing `\Sigma' on input line 365.


Package hyperref Warning: Token not allowed in a PDF string (PDFDocEncoding):
(hyperref)                removing `math shift' on input line 365.

Package epstopdf Info: Source file: <plots_ch4/MassRich_shear_FullModelOnly_Dut
tonMaccio_IntrinsicScatter.eps>
(epstopdf)                    date: 2015-01-13 06:27:54
(epstopdf)                    size: 449549 bytes
(epstopdf)             Output file: <plots_ch4/MassRich_shear_FullModelOnly_Dut
tonMaccio_IntrinsicScatter-eps-converted-to.pdf>
(epstopdf)                    date: 2015-01-13 11:37:29
(epstopdf)                    size: 14969 bytes
(epstopdf)             Command: <epstopdf --outfile=plots_ch4/MassRich_shear_Fu
llModelOnly_DuttonMaccio_IntrinsicScatter-eps-converted-to.pdf plots_ch4/MassRi
ch_shear_FullModelOnly_DuttonMaccio_IntrinsicScatter.eps>
(epstopdf)             \includegraphics on input line 372.
Package epstopdf Info: Output file is already uptodate.

<plots_ch4/MassRich_shear_FullModelOnly_DuttonMaccio_IntrinsicScatter-eps-conve
rted-to.pdf, id=2718, 520.94624pt x 383.4325pt>
File: plots_ch4/MassRich_shear_FullModelOnly_DuttonMaccio_IntrinsicScatter-eps-
converted-to.pdf Graphic file (type pdf)

<use plots_ch4/MassRich_shear_FullModelOnly_DuttonMaccio_IntrinsicScatter-eps-c
onverted-to.pdf>
Package pdftex.def Info: plots_ch4/MassRich_shear_FullModelOnly_DuttonMaccio_In
trinsicScatter-eps-converted-to.pdf used on input line 372.
(pdftex.def)             Requested size: 364.65988pt x 268.40092pt.
 [70


 <./plots_ch4/MassRich_shear_FullModelOnly_DuttonMaccio_IntrinsicScatter-eps-co
nverted-to.pdf>]
Package epstopdf Info: Source file: <plots_ch4/shearFit_zpanels_fcc0and1_slopeM
N1p5_DuttonMaccio.eps>
(epstopdf)                    date: 2015-01-13 06:28:22
(epstopdf)                    size: 373919 bytes
(epstopdf)             Output file: <plots_ch4/shearFit_zpanels_fcc0and1_slopeM
N1p5_DuttonMaccio-eps-converted-to.pdf>
(epstopdf)                    date: 2015-01-13 11:38:23
(epstopdf)                    size: 45427 bytes
(epstopdf)             Command: <epstopdf --outfile=plots_ch4/shearFit_zpanels_
fcc0and1_slopeMN1p5_DuttonMaccio-eps-converted-to.pdf plots_ch4/shearFit_zpanel
s_fcc0and1_slopeMN1p5_DuttonMaccio.eps>
(epstopdf)             \includegraphics on input line 400.
Package epstopdf Info: Output file is already uptodate.

<plots_ch4/shearFit_zpanels_fcc0and1_slopeMN1p5_DuttonMaccio-eps-converted-to.p
df, id=2786, 497.86pt x 209.78375pt>
File: plots_ch4/shearFit_zpanels_fcc0and1_slopeMN1p5_DuttonMaccio-eps-converted
-to.pdf Graphic file (type pdf)

<use plots_ch4/shearFit_zpanels_fcc0and1_slopeMN1p5_DuttonMaccio-eps-converted-
to.pdf>
Package pdftex.def Info: plots_ch4/shearFit_zpanels_fcc0and1_slopeMN1p5_DuttonM
accio-eps-converted-to.pdf used on input line 400.
(pdftex.def)             Requested size: 497.85878pt x 209.78322pt.

Overfull \hbox (10.03627pt too wide) in paragraph at lines 400--401
 [] 
 []

[71 <./plots_ch4/shearFit_zpanels_fcc0and1_slopeMN1p5_DuttonMaccio-eps-converte
d-to.pdf>]
Package epstopdf Info: Source file: <plots_ch4/Mo_vs_z_DuttonMaccio_powerlaw.ep
s>
(epstopdf)                    date: 2015-01-13 06:28:45
(epstopdf)                    size: 440222 bytes
(epstopdf)             Output file: <plots_ch4/Mo_vs_z_DuttonMaccio_powerlaw-ep
s-converted-to.pdf>
(epstopdf)                    date: 2015-01-13 11:38:24
(epstopdf)                    size: 14892 bytes
(epstopdf)             Command: <epstopdf --outfile=plots_ch4/Mo_vs_z_DuttonMac
cio_powerlaw-eps-converted-to.pdf plots_ch4/Mo_vs_z_DuttonMaccio_powerlaw.eps>
(epstopdf)             \includegraphics on input line 433.
Package epstopdf Info: Output file is already uptodate.

<plots_ch4/Mo_vs_z_DuttonMaccio_powerlaw-eps-converted-to.pdf, id=2864, 529.98p
t x 376.40625pt>
File: plots_ch4/Mo_vs_z_DuttonMaccio_powerlaw-eps-converted-to.pdf Graphic file
 (type pdf)

<use plots_ch4/Mo_vs_z_DuttonMaccio_powerlaw-eps-converted-to.pdf>
Package pdftex.def Info: plots_ch4/Mo_vs_z_DuttonMaccio_powerlaw-eps-converted-
to.pdf used on input line 433.
(pdftex.def)             Requested size: 264.98933pt x 188.20265pt.
 [72]
[73 <./plots_ch4/Mo_vs_z_DuttonMaccio_powerlaw-eps-converted-to.pdf>] [74]
[75]
Package epstopdf Info: Source file: <plots_ch4/shearVSmag_N200_z.eps>
(epstopdf)                    date: 2015-01-13 06:29:04
(epstopdf)                    size: 277844 bytes
(epstopdf)             Output file: <plots_ch4/shearVSmag_N200_z-eps-converted-
to.pdf>
(epstopdf)                    date: 2015-01-13 11:39:01
(epstopdf)                    size: 23884 bytes
(epstopdf)             Command: <epstopdf --outfile=plots_ch4/shearVSmag_N200_z
-eps-converted-to.pdf plots_ch4/shearVSmag_N200_z.eps>
(epstopdf)             \includegraphics on input line 508.
Package epstopdf Info: Output file is already uptodate.

<plots_ch4/shearVSmag_N200_z-eps-converted-to.pdf, id=2999, 507.8975pt x 197.73
875pt>
File: plots_ch4/shearVSmag_N200_z-eps-converted-to.pdf Graphic file (type pdf)
 <use plots_ch4/shearVSmag_N200_z-eps-converted-to.pdf>
Package pdftex.def Info: plots_ch4/shearVSmag_N200_z-eps-converted-to.pdf used 
on input line 508.
(pdftex.def)             Requested size: 457.10353pt x 177.96323pt.
 [76] [77 <./plots_ch4/shearVSmag_N200_z-eps-converted-to.pdf>] [78] [79]) [80]
\openout2 = `conclusions.aux'.


(./conclusions.tex
Chapter 5.
[81



] [82] [83] [84] [85]) [86] (./diss.bbl (./diss.brf)
\tf@brf=\write9
\openout9 = `diss.brf'.

 [87


] [88] [89] [90]
[91] [92] [93] [94] [95] [96] [97] [98] [99] [100]) [101]
Package atveryend Info: Empty hook `BeforeClearDocument' on input line 438.
Package atveryend Info: Empty hook `AfterLastShipout' on input line 438.
 (./diss.aux
(./abstract.aux) (./preface.aux) (./dedicate.aux) (./intro.aux) (./ch2.aux)
(./ch3.aux) (./ch4.aux) (./conclusions.aux))
Package atveryend Info: Executing hook `AtVeryEndDocument' on input line 438.
Package atveryend Info: Executing hook `AtEndAfterFileList' on input line 438.
Package rerunfilecheck Info: File `diss.out' has not changed.
(rerunfilecheck)             Checksum: 2E591AC11A47BA3C297188ED7E98F3CE;5459.
Package rerunfilecheck Info: File `diss.brf' has not changed.
(rerunfilecheck)             Checksum: B1E8033AE6B05A863BB78EACDC08C020;24931.
Package atveryend Info: Empty hook `AtVeryVeryEnd' on input line 438.
 ) 
Here is how much of TeX's memory you used:
 13436 strings out of 493089
 199795 string characters out of 6134842
 317285 words of memory out of 5000000
 15992 multiletter control sequences out of 15000+600000
 83148 words of font info for 177 fonts, out of 8000000 for 9000
 1141 hyphenation exceptions out of 8191
 36i,16n,42p,1816b,901s stack positions out of 5000i,500n,10000p,200000b,80000s
{/usr/local/texlive/2015/texmf-dist/fonts/enc/dvips/base/8r.enc}</usr/local/t
exlive/2015/texmf-dist/fonts/type1/public/amsfonts/cm/cmex10.pfb></usr/local/te
xlive/2015/texmf-dist/fonts/type1/public/amsfonts/cm/cmmi10.pfb></usr/local/tex
live/2015/texmf-dist/fonts/type1/public/amsfonts/cm/cmr10.pfb></usr/local/texli
ve/2015/texmf-dist/fonts/type1/public/amsfonts/cm/cmsy10.pfb></usr/local/texliv
e/2015/texmf-dist/fonts/type1/public/amsfonts/euler/eusm10.pfb></usr/local/texl
ive/2015/texmf-dist/fonts/type1/public/amsfonts/symbols/msam10.pfb></usr/local/
texlive/2015/texmf-dist/fonts/type1/public/amsfonts/symbols/msbm10.pfb></usr/lo
cal/texlive/2015/texmf-dist/fonts/type1/public/rsfs/rsfs10.pfb></usr/local/texl
ive/2015/texmf-dist/fonts/type1/urw/courier/ucrr8a.pfb></usr/local/texlive/2015
/texmf-dist/fonts/type1/urw/helvetic/uhvr8a.pfb></usr/local/texlive/2015/texmf-
dist/fonts/type1/urw/symbol/usyr.pfb></usr/local/texlive/2015/texmf-dist/fonts/
type1/urw/symbol/usyr.pfb></usr/local/texlive/2015/texmf-dist/fonts/type1/urw/t
imes/utmb8a.pfb></usr/local/texlive/2015/texmf-dist/fonts/type1/urw/times/utmr8
a.pfb></usr/local/texlive/2015/texmf-dist/fonts/type1/urw/times/utmri8a.pfb>
Output written on diss.pdf (114 pages, 1863101 bytes).
PDF statistics:
 4096 PDF objects out of 4296 (max. 8388607)
 3363 compressed objects within 34 object streams
 559 named destinations out of 1000 (max. 500000)
 731 words of extra memory for PDF output out of 10000 (max. 10000000)

