\BOOKMARK [0][-]{chapter*.1}{Abstract}{}% 1
\BOOKMARK [0][-]{chapter*.2}{Preface}{}% 2
\BOOKMARK [0][-]{chapter*.3}{Table of Contents}{}% 3
\BOOKMARK [0][-]{chapter*.4}{List of Tables}{}% 4
\BOOKMARK [0][-]{chapter*.5}{List of Figures}{}% 5
\BOOKMARK [0][-]{chapter*.6}{Glossary}{}% 6
\BOOKMARK [0][-]{chapter.1}{1 Introduction}{}% 7
\BOOKMARK [1][-]{section.1.1}{1.1 Cosmology}{chapter.1}% 8
\BOOKMARK [2][-]{subsection.1.1.1}{1.1.1 Our Universe}{section.1.1}% 9
\BOOKMARK [2][-]{subsection.1.1.2}{1.1.2 Dark Matter}{section.1.1}% 10
\BOOKMARK [2][-]{subsection.1.1.3}{1.1.3 Dark Energy}{section.1.1}% 11
\BOOKMARK [2][-]{subsection.1.1.4}{1.1.4 Cosmic Dynamics}{section.1.1}% 12
\BOOKMARK [2][-]{subsection.1.1.5}{1.1.5 Distances in Cosmology}{section.1.1}% 13
\BOOKMARK [1][-]{section.1.2}{1.2 Gravitational Lensing}{chapter.1}% 14
\BOOKMARK [2][-]{subsection.1.2.1}{1.2.1 Weak Lensing Shear}{section.1.2}% 15
\BOOKMARK [2][-]{subsection.1.2.2}{1.2.2 Magnification}{section.1.2}% 16
\BOOKMARK [2][-]{subsection.1.2.3}{1.2.3 Magnification vs. Shear}{section.1.2}% 17
\BOOKMARK [1][-]{section.1.3}{1.3 Galaxy Clusters}{chapter.1}% 18
\BOOKMARK [2][-]{subsection.1.3.1}{1.3.1 Clusters as Cosmological Probes}{section.1.3}% 19
\BOOKMARK [2][-]{subsection.1.3.2}{1.3.2 Intracluster Physics}{section.1.3}% 20
\BOOKMARK [1][-]{section.1.4}{1.4 Impact of this Thesis}{chapter.1}% 21
\BOOKMARK [1][-]{section.1.5}{1.5 Thesis Overview}{chapter.1}% 22
\BOOKMARK [0][-]{chapter.2}{2 Magnification by Galaxy Group Dark Matter Halos}{}% 23
\BOOKMARK [1][-]{section.2.1}{2.1 Introduction}{chapter.2}% 24
\BOOKMARK [1][-]{section.2.2}{2.2 Theory}{chapter.2}% 25
\BOOKMARK [1][-]{section.2.3}{2.3 Data}{chapter.2}% 26
\BOOKMARK [2][-]{subsection.2.3.1}{2.3.1 Lenses}{section.2.3}% 27
\BOOKMARK [2][-]{subsection.2.3.2}{2.3.2 Sources}{section.2.3}% 28
\BOOKMARK [1][-]{section.2.4}{2.4 Analysis and Results}{chapter.2}% 29
\BOOKMARK [2][-]{subsection.2.4.1}{2.4.1 Measuring \(m\)}{section.2.4}% 30
\BOOKMARK [2][-]{subsection.2.4.2}{2.4.2 Optimally-Weighted Cross-Correlation}{section.2.4}% 31
\BOOKMARK [2][-]{subsection.2.4.3}{2.4.3 Halo Mass Profiles}{section.2.4}% 32
\BOOKMARK [1][-]{section.2.5}{2.5 Summary and Conclusions}{chapter.2}% 33
\BOOKMARK [0][-]{chapter.3}{3 Cluster Magnification and the Mass-Richness Relation in CFHTLenS}{}% 34
\BOOKMARK [1][-]{section.3.1}{3.1 Introduction}{chapter.3}% 35
\BOOKMARK [1][-]{section.3.2}{3.2 Data}{chapter.3}% 36
\BOOKMARK [2][-]{subsection.3.2.1}{3.2.1 3D-MF Galaxy Clusters}{section.3.2}% 37
\BOOKMARK [2][-]{subsection.3.2.2}{3.2.2 Sources}{section.3.2}% 38
\BOOKMARK [1][-]{section.3.3}{3.3 Magnification Methodology}{chapter.3}% 39
\BOOKMARK [2][-]{subsection.3.3.1}{3.3.1 The Measurement}{section.3.3}% 40
\BOOKMARK [2][-]{subsection.3.3.2}{3.3.2 The Modeling}{section.3.3}% 41
\BOOKMARK [1][-]{section.3.4}{3.4 Results}{chapter.3}% 42
\BOOKMARK [2][-]{subsection.3.4.1}{3.4.1 The Mass-Richness Relation}{section.3.4}% 43
\BOOKMARK [2][-]{subsection.3.4.2}{3.4.2 Redshift Binning}{section.3.4}% 44
\BOOKMARK [1][-]{section.3.5}{3.5 Conclusions}{chapter.3}% 45
\BOOKMARK [0][-]{chapter.4}{4 CFHTLenS: A Weak Lensing Shear Analysis of the 3D-Matched-Filter Galaxy Clusters}{}% 46
\BOOKMARK [1][-]{section.4.1}{4.1 Introduction}{chapter.4}% 47
\BOOKMARK [1][-]{section.4.2}{4.2 Data}{chapter.4}% 48
\BOOKMARK [2][-]{subsection.4.2.1}{4.2.1 The Canada-France-Hawaii Telescope Legacy Survey Wide}{section.4.2}% 49
\BOOKMARK [2][-]{subsection.4.2.2}{4.2.2 CFHTLenS Shear Catalogue}{section.4.2}% 50
\BOOKMARK [2][-]{subsection.4.2.3}{4.2.3 3D-MF Clusters}{section.4.2}% 51
\BOOKMARK [1][-]{section.4.3}{4.3 Method}{chapter.4}% 52
\BOOKMARK [2][-]{subsection.4.3.1}{4.3.1 Stacking Galaxy Clusters}{section.4.3}% 53
\BOOKMARK [2][-]{subsection.4.3.2}{4.3.2 Measuring }{section.4.3}% 54
\BOOKMARK [2][-]{subsection.4.3.3}{4.3.3 Miscentring Formalism}{section.4.3}% 55
\BOOKMARK [2][-]{subsection.4.3.4}{4.3.4 The Halo Model}{section.4.3}% 56
\BOOKMARK [1][-]{section.4.4}{4.4 Galaxy Cluster Weak Lensing Shear Results}{chapter.4}% 57
\BOOKMARK [2][-]{subsection.4.4.1}{4.4.1 Fits to }{section.4.4}% 58
\BOOKMARK [2][-]{subsection.4.4.2}{4.4.2 The Mass-Richness Relation}{section.4.4}% 59
\BOOKMARK [2][-]{subsection.4.4.3}{4.4.3 Results of Binning Clusters in Redshift}{section.4.4}% 60
\BOOKMARK [1][-]{section.4.5}{4.5 Discussion}{chapter.4}% 61
\BOOKMARK [2][-]{subsection.4.5.1}{4.5.1 Interpretation of the Results}{section.4.5}% 62
\BOOKMARK [2][-]{subsection.4.5.2}{4.5.2 Comparisons of Cluster Catalogue Volume}{section.4.5}% 63
\BOOKMARK [2][-]{subsection.4.5.3}{4.5.3 Comparison with other Mass-Richness Relations}{section.4.5}% 64
\BOOKMARK [2][-]{subsection.4.5.4}{4.5.4 Comparisons with other Cluster Centroid Analyses}{section.4.5}% 65
\BOOKMARK [2][-]{subsection.4.5.5}{4.5.5 Comparison with Magnification Results}{section.4.5}% 66
\BOOKMARK [1][-]{section.4.6}{4.6 Conclusions}{chapter.4}% 67
\BOOKMARK [0][-]{chapter.5}{5 Conclusions}{}% 68
\BOOKMARK [1][-]{section.5.1}{5.1 Summary and Conclusions}{chapter.5}% 69
\BOOKMARK [1][-]{section.5.2}{5.2 Future Work}{chapter.5}% 70
\BOOKMARK [0][-]{chapter*.44}{Bibliography}{}% 71
\BOOKMARK [0][-]{appendix.A}{A Supporting Materials}{}% 72
